<?xml version="1.0" encoding="UTF-8"?>
<testng-results ignored="0" total="1" passed="1" failed="0" skipped="0">
  <reporter-output>
  </reporter-output>
  <suite started-at="2022-05-23T15:38:02 MSK" name="All Tests Suite" finished-at="2022-05-23T15:38:10 MSK" duration-ms="7555">
    <groups>
    </groups>
    <test started-at="2022-05-23T15:38:02 MSK" name="PurchaseTest" finished-at="2022-05-23T15:38:10 MSK" duration-ms="7555">
      <class name="Purchase">
        <test-method is-config="true" signature="checkBrowserShim()[pri:0, instance:Purchase@4a1e3ac1]" started-at="2022-05-23T15:38:03 MSK" name="checkBrowserShim" finished-at="2022-05-23T15:38:03 MSK" duration-ms="737" status="PASS">
          <reporter-output>
          </reporter-output>
        </test-method> <!-- checkBrowserShim -->
        <test-method is-config="true" signature="setUp()[pri:0, instance:Purchase@4a1e3ac1]" started-at="2022-05-23T15:38:03 MSK" name="setUp" finished-at="2022-05-23T15:38:06 MSK" duration-ms="2506" status="PASS">
          <reporter-output>
          </reporter-output>
        </test-method> <!-- setUp -->
        <test-method signature="shouldBuyLabsBoltTshirt()[pri:0, instance:Purchase@4a1e3ac1]" started-at="2022-05-23T15:38:06 MSK" name="shouldBuyLabsBoltTshirt" finished-at="2022-05-23T15:38:10 MSK" duration-ms="3688" status="PASS">
          <reporter-output>
          </reporter-output>
        </test-method> <!-- shouldBuyLabsBoltTshirt -->
        <test-method is-config="true" signature="tearDown()[pri:0, instance:Purchase@4a1e3ac1]" started-at="2022-05-23T15:38:10 MSK" name="tearDown" finished-at="2022-05-23T15:38:10 MSK" duration-ms="168" status="PASS">
          <reporter-output>
          </reporter-output>
        </test-method> <!-- tearDown -->
      </class> <!-- Purchase -->
    </test> <!-- PurchaseTest -->
  </suite> <!-- All Tests Suite -->
</testng-results>
